User successfully added: peach
User successfully added message: 123
User 15 successfully added message:  123
User successfully delete message id : 45
User successfully delete message id : 1
User 1 successfully added message:  123
User successfully delete message id : 47
User 1 successfully added message:  123
User successfully delete message id : 48
User 11 successfully added message:  hi
User successfully delete message id : 49
User 11 successfully added message:  ?
User successfully delete message id : 50
User 11 successfully added message:  88
User successfully delete message id : 51
User 11 successfully added message:  564546
User 11 successfully added message:  156456
User successfully delete message id : 53
User successfully delete message id : 52
User successfully added: qq
User 16 successfully added message:  qq
User 16 successfully added message:  qq2
User successfully delete message id : 55
User 9 successfully added message:  哈嚕~~
User 11 successfully added message:  456
User 11 successfully added message:  ?
User successfully added: new
User 19 successfully added message:  新人來留言
User successfully added: sep
User 20 successfully added message:  123
User 20 successfully added message:  123
User 20 successfully added message:  123
User 20 successfully added message:  123456
User 20 successfully added message:  456
User 11 successfully added message:  123
User 11 successfully added message:  ?
User 11 successfully added message:  ?
User 11 successfully added message:  123
User 11 successfully added message:  123
User successfully delete message id : 72
User 11 successfully added message:  123
User 11 successfully added message:  123
User successfully delete message id : 74
User successfully delete message id : 73
User successfully delete message id : 71
User 11 successfully added message:  123
User successfully added: 10
User successfully added: 1
User successfully added: 99
User successfully added: 98
User successfully added: tan
User successfully added: 999
